This file contains any messages produced by compilers while
running configure, to aid debugging if configure makes a mistake.

It was created by Keepalived configure 2.0.11, which was
generated by GNU Autoconf 2.69.  Invocation command line was

  $ ./configure --prefix=/usr/local

## --------- ##
## Platform. ##
## --------- ##

hostname = lihao-computer
uname -m = x86_64
uname -r = 4.15.0-43-generic
uname -s = Linux
uname -v = #46~16.04.1-Ubuntu SMP Fri Dec 7 13:31:08 UTC 2018

/usr/bin/uname -p = unknown
/bin/uname -X     = unknown

/bin/arch              = unknown
/usr/bin/arch -k       = unknown
/usr/convex/getsysinfo = unknown
/usr/bin/hostinfo      = unknown
/bin/machine           = unknown
/usr/bin/oslevel       = unknown
/bin/universe          = unknown

PATH: /home/lihao/bin
PATH: /home/lihao/.local/bin
PATH: /usr/local/sbin
PATH: /usr/local/bin
PATH: /usr/sbin
PATH: /usr/bin
PATH: /sbin
PATH: /bin
PATH: /usr/games
PATH: /usr/local/games
PATH: /snap/bin
PATH: /usr/local/go/bin
PATH: /home/lihao/go/bin


## ----------- ##
## Core tests. ##
## ----------- ##

configure:2755: checking for a BSD-compatible install
configure:2823: result: /usr/bin/install -c
configure:2834: checking whether build environment is sane
configure:2889: result: yes
configure:3040: checking for a thread-safe mkdir -p
configure:3079: result: /bin/mkdir -p
configure:3086: checking for gawk
configure:3116: result: no
configure:3086: checking for mawk
configure:3102: found /usr/bin/mawk
configure:3113: result: mawk
configure:3124: checking whether make sets $(MAKE)
configure:3146: result: yes
configure:3175: checking whether make supports nested variables
configure:3192: result: yes
configure:3346: checking whether make supports nested variables
configure:3363: result: yes
configure:3429: checking for pkg-config
configure:3447: found /usr/bin/pkg-config
configure:3459: result: /usr/bin/pkg-config
configure:3484: checking pkg-config is at least version 0.9.0
configure:3487: result: yes
configure:3896: checking for gcc
configure:3912: found /usr/bin/gcc
configure:3923: result: gcc
configure:4152: checking for C compiler version
configure:4161: gcc --version >&5
gcc (Ubuntu 5.4.0-6ubuntu1~16.04.11) 5.4.0 20160609
Copyright (C) 2015 Free Software Foundation, Inc.
This is free software; see the source for copying conditions.  There is NO
warranty; not even for MERCHANTABILITY or FITNESS FOR A PARTICULAR PURPOSE.

configure:4172: $? = 0
configure:4161: gcc -v >&5
Using built-in specs.
COLLECT_GCC=gcc
COLLECT_LTO_WRAPPER=/usr/lib/gcc/x86_64-linux-gnu/5/lto-wrapper
Target: x86_64-linux-gnu
Configured with: ../src/configure -v --with-pkgversion='Ubuntu 5.4.0-6ubuntu1~16.04.11' --with-bugurl=file:///usr/share/doc/gcc-5/README.Bugs --enable-languages=c,ada,c++,java,go,d,fortran,objc,obj-c++ --prefix=/usr --program-suffix=-5 --enable-shared --enable-linker-build-id --libexecdir=/usr/lib --without-included-gettext --enable-threads=posix --libdir=/usr/lib --enable-nls --with-sysroot=/ --enable-clocale=gnu --enable-libstdcxx-debug --enable-libstdcxx-time=yes --with-default-libstdcxx-abi=new --enable-gnu-unique-object --disable-vtable-verify --enable-libmpx --enable-plugin --with-system-zlib --disable-browser-plugin --enable-java-awt=gtk --enable-gtk-cairo --with-java-home=/usr/lib/jvm/java-1.5.0-gcj-5-amd64/jre --enable-java-home --with-jvm-root-dir=/usr/lib/jvm/java-1.5.0-gcj-5-amd64 --with-jvm-jar-dir=/usr/lib/jvm-exports/java-1.5.0-gcj-5-amd64 --with-arch-directory=amd64 --with-ecj-jar=/usr/share/java/eclipse-ecj.jar --enable-objc-gc --enable-multiarch --disable-werror --with-arch-32=i686 --with-abi=m64 --with-multilib-list=m32,m64,mx32 --enable-multilib --with-tune=generic --enable-checking=release --build=x86_64-linux-gnu --host=x86_64-linux-gnu --target=x86_64-linux-gnu
Thread model: posix
gcc version 5.4.0 20160609 (Ubuntu 5.4.0-6ubuntu1~16.04.11) 
configure:4172: $? = 0
configure:4161: gcc -V >&5
gcc: error: unrecognized command line option '-V'
gcc: fatal error: no input files
compilation terminated.
configure:4172: $? = 1
configure:4161: gcc -qversion >&5
gcc: error: unrecognized command line option '-qversion'
gcc: fatal error: no input files
compilation terminated.
configure:4172: $? = 1
configure:4192: checking whether the C compiler works
configure:4214: gcc     conftest.c  >&5
configure:4218: $? = 0
configure:4266: result: yes
configure:4269: checking for C compiler default output file name
configure:4271: result: a.out
configure:4277: checking for suffix of executables
configure:4284: gcc -o conftest     conftest.c  >&5
configure:4288: $? = 0
configure:4310: result: 
configure:4332: checking whether we are cross compiling
configure:4340: gcc -o conftest     conftest.c  >&5
configure:4344: $? = 0
configure:4351: ./conftest
configure:4355: $? = 0
configure:4370: result: no
configure:4375: checking for suffix of object files
configure:4397: gcc -c    conftest.c >&5
configure:4401: $? = 0
configure:4422: result: o
configure:4426: checking whether we are using the GNU C compiler
configure:4445: gcc -c    conftest.c >&5
configure:4445: $? = 0
configure:4454: result: yes
configure:4463: checking whether gcc accepts -g
configure:4483: gcc -c -g   conftest.c >&5
configure:4483: $? = 0
configure:4524: result: yes
configure:4541: checking for gcc option to accept ISO C89
configure:4604: gcc  -c -g -O2   conftest.c >&5
configure:4604: $? = 0
configure:4617: result: none needed
configure:4642: checking whether gcc understands -c and -o together
configure:4664: gcc -c conftest.c -o conftest2.o
configure:4667: $? = 0
configure:4664: gcc -c conftest.c -o conftest2.o
configure:4667: $? = 0
configure:4679: result: yes
configure:4707: checking for style of include used by make
configure:4735: result: GNU
configure:4761: checking dependency style of gcc
configure:4872: result: gcc3
configure:4887: checking whether make sets $(MAKE)
configure:4909: result: yes
configure:4962: checking for ranlib
configure:4978: found /usr/bin/ranlib
configure:4989: result: ranlib
configure:5011: checking for grep that handles long lines and -e
configure:5069: result: /bin/grep
configure:5074: checking whether ln -s works
configure:5078: result: yes
configure:5085: checking for a sed that does not truncate output
configure:5149: result: /bin/sed
configure:5197: checking for strip
configure:5213: found /usr/bin/strip
configure:5224: result: strip
configure:5289: checking for ldd
configure:5305: found /usr/bin/ldd
configure:5316: result: ldd
configure:5389: checking for ar
configure:5405: found /usr/bin/ar
configure:5416: result: ar
configure:5442: checking the archiver (ar) interface
configure:5458: gcc -c -g -O2   conftest.c >&5
configure:5458: $? = 0
configure:5460: ar cru libconftest.a conftest.o >&5
ar: `u' modifier ignored since `D' is the default (see `U')
configure:5463: $? = 0
configure:5491: result: ar
configure:5756: checking for -Wimplicit-fallthrough
configure:5768: gcc -c -Wimplicit-fallthrough=3   conftest.c >&5
gcc: error: unrecognized command line option '-Wimplicit-fallthrough=3'
configure:5768: $? = 1
configure: failed program was:
| /* confdefs.h */
| #define PACKAGE_NAME "Keepalived"
| #define PACKAGE_TARNAME "keepalived"
| #define PACKAGE_VERSION "2.0.11"
| #define PACKAGE_STRING "Keepalived 2.0.11"
| #define PACKAGE_BUGREPORT "keepalived-devel@lists.sourceforge.net"
| #define PACKAGE_URL "http://www.keepalived.org/"
| #define PACKAGE "keepalived"
| #define VERSION "2.0.11"
| #define KEEPALIVED_CONFIGURE_OPTIONS "--prefix=/usr/local"
| /* end confdefs.h.  */
| 
|   int main(int argc, char**argv)
|   {
|   }
| 
configure:5776: result: no
configure:5793: checking for PIE support
configure:5808: gcc -o conftest -g -O2 -D_GNU_SOURCE -fPIE    -pie conftest.c  >&5
configure:5808: $? = 0
configure:5809: result: yes
configure:5830: checking for -Wformat -Werror=format-security support
configure:5837: gcc -c -g -O2 -D_GNU_SOURCE -Wformat -Werror=format-security   conftest.c >&5
configure:5837: $? = 0
configure:5838: result: yes
configure:5830: checking for -Wp,-D_FORTIFY_SOURCE=2 support
configure:5837: gcc -c -g -O2 -D_GNU_SOURCE -Wp,-D_FORTIFY_SOURCE=2   conftest.c >&5
configure:5837: $? = 0
configure:5838: result: yes
configure:5830: checking for -fexceptions support
configure:5837: gcc -c -g -O2 -D_GNU_SOURCE -fexceptions   conftest.c >&5
configure:5837: $? = 0
configure:5838: result: yes
configure:5830: checking for -fstack-protector-strong support
configure:5837: gcc -c -g -O2 -D_GNU_SOURCE -fstack-protector-strong   conftest.c >&5
configure:5837: $? = 0
configure:5838: result: yes
configure:5830: checking for --param=ssp-buffer-size=4 support
configure:5837: gcc -c -g -O2 -D_GNU_SOURCE --param=ssp-buffer-size=4   conftest.c >&5
configure:5837: $? = 0
configure:5838: result: yes
configure:5830: checking for -grecord-gcc-switches support
configure:5837: gcc -c -g -O2 -D_GNU_SOURCE -grecord-gcc-switches   conftest.c >&5
configure:5837: $? = 0
configure:5838: result: yes
configure:5854: checking for -Wl,-z,relro support
configure:5866: gcc -o conftest -g -O2 -D_GNU_SOURCE    -Wl,-z,relro conftest.c  >&5
configure:5866: $? = 0
configure:5868: result: yes
configure:5854: checking for -Wl,-z,now support
configure:5866: gcc -o conftest -g -O2 -D_GNU_SOURCE    -Wl,-z,relro -Wl,-z,now conftest.c  >&5
configure:5866: $? = 0
configure:5868: result: yes
configure:5907: checking for -O2 support
configure:5915: gcc -c -g -O2 -D_GNU_SOURCE -O2   conftest.c >&5
configure:5915: $? = 0
configure:5916: result: yes
configure:5938: checking for clock_gettime() requires -lrt
configure:5953: gcc -o conftest -g -O2 -D_GNU_SOURCE    -Wl,-z,relro -Wl,-z,now conftest.c  >&5
configure:5953: $? = 0
configure:5954: result: no
configure:5994: checking how to run the C preprocessor
configure:6025: gcc -E   conftest.c
configure:6025: $? = 0
configure:6039: gcc -E   conftest.c
conftest.c:12:28: fatal error: ac_nonexistent.h: No such file or directory
compilation terminated.
configure:6039: $? = 1
configure: failed program was:
| /* confdefs.h */
| #define PACKAGE_NAME "Keepalived"
| #define PACKAGE_TARNAME "keepalived"
| #define PACKAGE_VERSION "2.0.11"
| #define PACKAGE_STRING "Keepalived 2.0.11"
| #define PACKAGE_BUGREPORT "keepalived-devel@lists.sourceforge.net"
| #define PACKAGE_URL "http://www.keepalived.org/"
| #define PACKAGE "keepalived"
| #define VERSION "2.0.11"
| #define KEEPALIVED_CONFIGURE_OPTIONS "--prefix=/usr/local"
| /* end confdefs.h.  */
| #include <ac_nonexistent.h>
configure:6064: result: gcc -E
configure:6084: gcc -E   conftest.c
configure:6084: $? = 0
configure:6098: gcc -E   conftest.c
conftest.c:12:28: fatal error: ac_nonexistent.h: No such file or directory
compilation terminated.
configure:6098: $? = 1
configure: failed program was:
| /* confdefs.h */
| #define PACKAGE_NAME "Keepalived"
| #define PACKAGE_TARNAME "keepalived"
| #define PACKAGE_VERSION "2.0.11"
| #define PACKAGE_STRING "Keepalived 2.0.11"
| #define PACKAGE_BUGREPORT "keepalived-devel@lists.sourceforge.net"
| #define PACKAGE_URL "http://www.keepalived.org/"
| #define PACKAGE "keepalived"
| #define VERSION "2.0.11"
| #define KEEPALIVED_CONFIGURE_OPTIONS "--prefix=/usr/local"
| /* end confdefs.h.  */
| #include <ac_nonexistent.h>
configure:6127: checking for egrep
configure:6189: result: /bin/grep -E
configure:6194: checking for ANSI C header files
configure:6214: gcc -c -g -O2 -D_GNU_SOURCE   conftest.c >&5
configure:6214: $? = 0
configure:6287: gcc -o conftest -g -O2 -D_GNU_SOURCE    -Wl,-z,relro -Wl,-z,now conftest.c  >&5
configure:6287: $? = 0
configure:6287: ./conftest
configure:6287: $? = 0
configure:6298: result: yes
configure:6311: checking for sys/types.h
configure:6311: gcc -c -g -O2 -D_GNU_SOURCE   conftest.c >&5
configure:6311: $? = 0
configure:6311: result: yes
configure:6311: checking for sys/stat.h
configure:6311: gcc -c -g -O2 -D_GNU_SOURCE   conftest.c >&5
configure:6311: $? = 0
configure:6311: result: yes
configure:6311: checking for stdlib.h
configure:6311: gcc -c -g -O2 -D_GNU_SOURCE   conftest.c >&5
configure:6311: $? = 0
configure:6311: result: yes
configure:6311: checking for string.h
configure:6311: gcc -c -g -O2 -D_GNU_SOURCE   conftest.c >&5
configure:6311: $? = 0
configure:6311: result: yes
configure:6311: checking for memory.h
configure:6311: gcc -c -g -O2 -D_GNU_SOURCE   conftest.c >&5
configure:6311: $? = 0
configure:6311: result: yes
configure:6311: checking for strings.h
configure:6311: gcc -c -g -O2 -D_GNU_SOURCE   conftest.c >&5
configure:6311: $? = 0
configure:6311: result: yes
configure:6311: checking for inttypes.h
configure:6311: gcc -c -g -O2 -D_GNU_SOURCE   conftest.c >&5
configure:6311: $? = 0
configure:6311: result: yes
configure:6311: checking for stdint.h
configure:6311: gcc -c -g -O2 -D_GNU_SOURCE   conftest.c >&5
configure:6311: $? = 0
configure:6311: result: yes
configure:6311: checking for unistd.h
configure:6311: gcc -c -g -O2 -D_GNU_SOURCE   conftest.c >&5
configure:6311: $? = 0
configure:6311: result: yes
configure:6326: checking arpa/inet.h usability
configure:6326: gcc -c -g -O2 -D_GNU_SOURCE   conftest.c >&5
configure:6326: $? = 0
configure:6326: result: yes
configure:6326: checking arpa/inet.h presence
configure:6326: gcc -E   conftest.c
configure:6326: $? = 0
configure:6326: result: yes
configure:6326: checking for arpa/inet.h
configure:6326: result: yes
configure:6326: checking fcntl.h usability
configure:6326: gcc -c -g -O2 -D_GNU_SOURCE   conftest.c >&5
configure:6326: $? = 0
configure:6326: result: yes
configure:6326: checking fcntl.h presence
configure:6326: gcc -E   conftest.c
configure:6326: $? = 0
configure:6326: result: yes
configure:6326: checking for fcntl.h
configure:6326: result: yes
configure:6326: checking limits.h usability
configure:6326: gcc -c -g -O2 -D_GNU_SOURCE   conftest.c >&5
configure:6326: $? = 0
configure:6326: result: yes
configure:6326: checking limits.h presence
configure:6326: gcc -E   conftest.c
configure:6326: $? = 0
configure:6326: result: yes
configure:6326: checking for limits.h
configure:6326: result: yes
configure:6326: checking netdb.h usability
configure:6326: gcc -c -g -O2 -D_GNU_SOURCE   conftest.c >&5
configure:6326: $? = 0
configure:6326: result: yes
configure:6326: checking netdb.h presence
configure:6326: gcc -E   conftest.c
configure:6326: $? = 0
configure:6326: result: yes
configure:6326: checking for netdb.h
configure:6326: result: yes
configure:6326: checking netinet/in.h usability
configure:6326: gcc -c -g -O2 -D_GNU_SOURCE   conftest.c >&5
configure:6326: $? = 0
configure:6326: result: yes
configure:6326: checking netinet/in.h presence
configure:6326: gcc -E   conftest.c
configure:6326: $? = 0
configure:6326: result: yes
configure:6326: checking for netinet/in.h
configure:6326: result: yes
configure:6326: checking for stdint.h
configure:6326: result: yes
configure:6326: checking for stdlib.h
configure:6326: result: yes
configure:6326: checking for string.h
configure:6326: result: yes
configure:6326: checking sys/ioctl.h usability
configure:6326: gcc -c -g -O2 -D_GNU_SOURCE   conftest.c >&5
configure:6326: $? = 0
configure:6326: result: yes
configure:6326: checking sys/ioctl.h presence
configure:6326: gcc -E   conftest.c
configure:6326: $? = 0
configure:6326: result: yes
configure:6326: checking for sys/ioctl.h
configure:6326: result: yes
configure:6326: checking sys/param.h usability
configure:6326: gcc -c -g -O2 -D_GNU_SOURCE   conftest.c >&5
configure:6326: $? = 0
configure:6326: result: yes
configure:6326: checking sys/param.h presence
configure:6326: gcc -E   conftest.c
configure:6326: $? = 0
configure:6326: result: yes
configure:6326: checking for sys/param.h
configure:6326: result: yes
configure:6326: checking sys/prctl.h usability
configure:6326: gcc -c -g -O2 -D_GNU_SOURCE   conftest.c >&5
configure:6326: $? = 0
configure:6326: result: yes
configure:6326: checking sys/prctl.h presence
configure:6326: gcc -E   conftest.c
configure:6326: $? = 0
configure:6326: result: yes
configure:6326: checking for sys/prctl.h
configure:6326: result: yes
configure:6326: checking sys/socket.h usability
configure:6326: gcc -c -g -O2 -D_GNU_SOURCE   conftest.c >&5

## ---------------- ##
## Cache variables. ##
## ---------------- ##

ac_cv_c_compiler_gnu=yes
ac_cv_env_CC_set=
ac_cv_env_CC_value=
ac_cv_env_CFLAGS_set=
ac_cv_env_CFLAGS_value=
ac_cv_env_CPPFLAGS_set=
ac_cv_env_CPPFLAGS_value=
ac_cv_env_CPP_set=
ac_cv_env_CPP_value=
ac_cv_env_LDFLAGS_set=
ac_cv_env_LDFLAGS_value=
ac_cv_env_LIBS_set=
ac_cv_env_LIBS_value=
ac_cv_env_PKG_CONFIG_LIBDIR_set=
ac_cv_env_PKG_CONFIG_LIBDIR_value=
ac_cv_env_PKG_CONFIG_PATH_set=
ac_cv_env_PKG_CONFIG_PATH_value=
ac_cv_env_PKG_CONFIG_set=
ac_cv_env_PKG_CONFIG_value=
ac_cv_env_build_alias_set=
ac_cv_env_build_alias_value=
ac_cv_env_host_alias_set=
ac_cv_env_host_alias_value=
ac_cv_env_target_alias_set=
ac_cv_env_target_alias_value=
ac_cv_header_arpa_inet_h=yes
ac_cv_header_fcntl_h=yes
ac_cv_header_inttypes_h=yes
ac_cv_header_limits_h=yes
ac_cv_header_memory_h=yes
ac_cv_header_netdb_h=yes
ac_cv_header_netinet_in_h=yes
ac_cv_header_stdc=yes
ac_cv_header_stdint_h=yes
ac_cv_header_stdlib_h=yes
ac_cv_header_string_h=yes
ac_cv_header_strings_h=yes
ac_cv_header_sys_ioctl_h=yes
ac_cv_header_sys_param_h=yes
ac_cv_header_sys_prctl_h=yes
ac_cv_header_sys_stat_h=yes
ac_cv_header_sys_types_h=yes
ac_cv_header_unistd_h=yes
ac_cv_objext=o
ac_cv_path_EGREP='/bin/grep -E'
ac_cv_path_GREP=/bin/grep
ac_cv_path_SED=/bin/sed
ac_cv_path_ac_pt_PKG_CONFIG=/usr/bin/pkg-config
ac_cv_path_install='/usr/bin/install -c'
ac_cv_path_mkdir=/bin/mkdir
ac_cv_prog_AWK=mawk
ac_cv_prog_CPP='gcc -E'
ac_cv_prog_ac_ct_AR=ar
ac_cv_prog_ac_ct_CC=gcc
ac_cv_prog_ac_ct_LDD=ldd
ac_cv_prog_ac_ct_RANLIB=ranlib
ac_cv_prog_ac_ct_STRIP=strip
ac_cv_prog_cc_c89=
ac_cv_prog_cc_g=yes
ac_cv_prog_make_make_set=yes
am_cv_CC_dependencies_compiler_type=gcc3
am_cv_ar_interface=ar
am_cv_make_support_nested_variables=yes
am_cv_prog_cc_c_o=yes

## ----------------- ##
## Output variables. ##
## ----------------- ##

ACLOCAL='${SHELL} /media/lihao/F/mywork/nginx/keepalived-2.0.11/missing aclocal-1.15'
AMDEPBACKSLASH='\'
AMDEP_FALSE='#'
AMDEP_TRUE=''
AMTAR='$${TAR-tar}'
AM_BACKSLASH='\'
AM_DEFAULT_V='$(AM_DEFAULT_VERBOSITY)'
AM_DEFAULT_VERBOSITY='0'
AM_V='$(V)'
AR='ar'
ARFLAGS='cr'
ASSERTS_FALSE=''
ASSERTS_TRUE=''
AUTOCONF='${SHELL} /media/lihao/F/mywork/nginx/keepalived-2.0.11/missing autoconf'
AUTOHEADER='${SHELL} /media/lihao/F/mywork/nginx/keepalived-2.0.11/missing autoheader'
AUTOMAKE='${SHELL} /media/lihao/F/mywork/nginx/keepalived-2.0.11/missing automake-1.15'
AWK='mawk'
BUILD_DOCS_FALSE=''
BUILD_DOCS_TRUE=''
BUILD_GENHASH_FALSE=''
BUILD_GENHASH_TRUE=''
CC='gcc'
CCDEPMODE='depmode=gcc3'
CFLAGS='-g -O2 -D_GNU_SOURCE'
CN_PROC_FALSE=''
CN_PROC_TRUE=''
CPP='gcc -E'
CPPFLAGS=' '
CYGPATH_W='echo'
DBUS_CREATE_INSTANCE_FALSE=''
DBUS_CREATE_INSTANCE_TRUE=''
DEBUG_FALSE=''
DEBUG_TRUE=''
DEFAULT_CONFIG_FILE=''
DEFS=''
DEPDIR='.deps'
ECHO_C=''
ECHO_N='-n'
ECHO_T=''
EGREP='/bin/grep -E'
EXEEXT=''
FIB_ROUTING_FALSE=''
FIB_ROUTING_TRUE=''
FIREWALL_FALSE=''
FIREWALL_TRUE=''
GENHASH_LIBS=''
GREP='/bin/grep'
HAVE_RPM=''
HAVE_RPMBUILD=''
HAVE_SPHINX_BUILD=''
INIT_OPENRC_FALSE=''
INIT_OPENRC_TRUE=''
INIT_SUSE_FALSE=''
INIT_SUSE_TRUE=''
INIT_SYSTEMD_FALSE=''
INIT_SYSTEMD_TRUE=''
INIT_SYSV_FALSE=''
INIT_SYSV_TRUE=''
INIT_UPSTART_FALSE=''
INIT_UPSTART_TRUE=''
INSTALL_DATA='${INSTALL} -m 644'
INSTALL_PROGRAM='${INSTALL}'
INSTALL_SCRIPT='${INSTALL}'
INSTALL_STRIP_PROGRAM='$(install_sh) -c -s'
IPTABLES_CMD_FALSE=''
IPTABLES_CMD_TRUE=''
IPTABLES_FALSE=''
IPTABLES_TRUE=''
KA_CFLAGS='-Wall -Wunused -Wstrict-prototypes -Wextra -Winit-self -g -D_GNU_SOURCE -fPIE -Wformat -Werror=format-security -Wp,-D_FORTIFY_SOURCE=2 -fexceptions -fstack-protector-strong --param=ssp-buffer-size=4 -grecord-gcc-switches -O2'
KA_CPPFLAGS=''
KA_LDFLAGS=' -pie'
KA_LIBS=''
LDD='ldd'
LDFLAGS=' -Wl,-z,relro -Wl,-z,now'
LIBIPSET_FALSE=''
LIBIPSET_TRUE=''
LIBIPTC_FALSE=''
LIBIPTC_TRUE=''
LIBNL1_FALSE=''
LIBNL1_TRUE=''
LIBNL3_FALSE=''
LIBNL3_TRUE=''
LIBNL_DYNAMIC_FALSE=''
LIBNL_DYNAMIC_TRUE=''
LIBOBJS=''
LIBS=''
LN_S='ln -s'
LTLIBOBJS=''
MAINTAINERCLEANFILES='*~ *.orig *.rej core core.*'
MAKEINFO='${SHELL} /media/lihao/F/mywork/nginx/keepalived-2.0.11/missing makeinfo'
MKDIR_P='/bin/mkdir -p'
NETSNMP_CONFIG=''
NFTABLES_FALSE=''
NFTABLES_TRUE=''
OBJEXT='o'
PACKAGE='keepalived'
PACKAGE_BUGREPORT='keepalived-devel@lists.sourceforge.net'
PACKAGE_NAME='Keepalived'
PACKAGE_STRING='Keepalived 2.0.11'
PACKAGE_TARNAME='keepalived'
PACKAGE_URL='http://www.keepalived.org/'
PACKAGE_VERSION='2.0.11'
PATH_SEPARATOR=':'
PID_DIR=''
PKG_CONFIG='/usr/bin/pkg-config'
PKG_CONFIG_LIBDIR=''
PKG_CONFIG_PATH=''
PROFILE_FALSE=''
PROFILE_TRUE=''
RANLIB='ranlib'
RPM_BIP_FALSE=''
RPM_BIP_TRUE=''
RPM_FALSE=''
RPM_TRUE=''
SED='/bin/sed'
SET_MAKE=''
SHELL='/bin/bash'
SNMP_CHECKER_FALSE=''
SNMP_CHECKER_TRUE=''
SNMP_FALSE=''
SNMP_KEEPALIVED_FALSE=''
SNMP_KEEPALIVED_TRUE=''
SNMP_REPLY_V3_FOR_V2_FALSE=''
SNMP_REPLY_V3_FOR_V2_TRUE=''
SNMP_RFCV2_FALSE=''
SNMP_RFCV2_TRUE=''
SNMP_RFCV3_FALSE=''
SNMP_RFCV3_TRUE=''
SNMP_RFC_FALSE=''
SNMP_RFC_TRUE=''
SNMP_TRUE=''
SNMP_VRRP_FALSE=''
SNMP_VRRP_TRUE=''
SOCK_NONBLOCK_FALSE=''
SOCK_NONBLOCK_TRUE=''
SPHINXBUILDNAME=''
STRIP='strip'
VERSION='2.0.11'
VMAC_FALSE=''
VMAC_TRUE=''
VRRP_AUTH_FALSE=''
VRRP_AUTH_TRUE=''
WITH_BFD_FALSE=''
WITH_BFD_TRUE=''
WITH_DBUS_FALSE=''
WITH_DBUS_TRUE=''
WITH_IPVS_FALSE=''
WITH_IPVS_TRUE=''
WITH_JSON_FALSE=''
WITH_JSON_TRUE=''
WITH_NAMESPACES_FALSE=''
WITH_NAMESPACES_TRUE=''
WITH_REGEX_FALSE=''
WITH_REGEX_TRUE=''
WITH_SHA1_FALSE=''
WITH_SHA1_TRUE=''
WITH_VRRP_FALSE=''
WITH_VRRP_TRUE=''
ac_ct_AR='ar'
ac_ct_CC='gcc'
am__EXEEXT_FALSE=''
am__EXEEXT_TRUE=''
am__fastdepCC_FALSE='#'
am__fastdepCC_TRUE=''
am__include='include'
am__isrc=''
am__leading_dot='.'
am__nodep='_no'
am__quote=''
am__tar='$${TAR-tar} chof - "$$tardir"'
am__untar='$${TAR-tar} xf -'
bindir='${exec_prefix}/bin'
build_alias=''
datadir='${datarootdir}'
datarootdir='${prefix}/share'
docdir='${datarootdir}/doc/${PACKAGE_TARNAME}'
dvidir='${docdir}'
exec_prefix='NONE'
host_alias=''
htmldir='${docdir}'
includedir='${prefix}/include'
infodir='${datarootdir}/info'
install_sh='${SHELL} /media/lihao/F/mywork/nginx/keepalived-2.0.11/install-sh'
libdir='${exec_prefix}/lib'
libexecdir='${exec_prefix}/libexec'
localedir='${datarootdir}/locale'
localstatedir='${prefix}/var'
mandir='${datarootdir}/man'
mkdir_p='$(MKDIR_P)'
oldincludedir='/usr/include'
pdfdir='${docdir}'
prefix='/usr/local'
program_transform_name='s,x,x,'
psdir='${docdir}'
runstatedir='${localstatedir}/run'
sbindir='${exec_prefix}/sbin'
sharedstatedir='${prefix}/com'
sysconfdir='${prefix}/etc'
systemdsystemunitdir=''
target_alias=''

## ----------- ##
## confdefs.h. ##
## ----------- ##

/* confdefs.h */
#define PACKAGE_NAME "Keepalived"
#define PACKAGE_TARNAME "keepalived"
#define PACKAGE_VERSION "2.0.11"
#define PACKAGE_STRING "Keepalived 2.0.11"
#define PACKAGE_BUGREPORT "keepalived-devel@lists.sourceforge.net"
#define PACKAGE_URL "http://www.keepalived.org/"
#define PACKAGE "keepalived"
#define VERSION "2.0.11"
#define KEEPALIVED_CONFIGURE_OPTIONS "--prefix=/usr/local"
#define STDC_HEADERS 1
#define HAVE_SYS_TYPES_H 1
#define HAVE_SYS_STAT_H 1
#define HAVE_STDLIB_H 1
#define HAVE_STRING_H 1
#define HAVE_MEMORY_H 1
#define HAVE_STRINGS_H 1
#define HAVE_INTTYPES_H 1
#define HAVE_STDINT_H 1
#define HAVE_UNISTD_H 1
#define HAVE_ARPA_INET_H 1
#define HAVE_FCNTL_H 1
#define HAVE_LIMITS_H 1
#define HAVE_NETDB_H 1
#define HAVE_NETINET_IN_H 1
#define HAVE_STDINT_H 1
#define HAVE_STDLIB_H 1
#define HAVE_STRING_H 1
#define HAVE_SYS_IOCTL_H 1
#define HAVE_SYS_PARAM_H 1
#define HAVE_SYS_PRCTL_H 1

configure: caught signal 2
configure: exit 1
